<?xml version="1.0" encoding="UTF-8"?>
<!-- Generated by org.testng.reporters.JUnitReportReporter -->
<testsuite hostname="DESKTOP-LACDK8C" failures="0" tests="1" name="concepts.LoginTest" time="3.634" errors="0" timestamp="2022-08-28T01:31:12 EDT" skipped="0">
  <testcase classname="concepts.LoginTest" name="loginTest" time="3.634"/>
  <system-out/>
</testsuite> <!-- concepts.LoginTest -->
